[2025-08-25 06:12:13] [INFO] Requisição executada: GET /accounts?limit=1&offset=0 - HTTP 200
[2025-08-25 06:18:35] [INFO] Requisição executada: GET /accounts?limit=1&offset=0 - HTTP 200
[2025-08-25 06:58:25] [INFO] Requisição executada: GET /accounts?limit=1&offset=0 - HTTP 200
[2025-08-25 06:58:32] [INFO] Requisição executada: GET /accounts?limit=1&offset=0 - HTTP 200
[2025-08-25 06:58:50] [INFO] Requisição executada: GET /accounts?limit=1&offset=0 - HTTP 200
[2025-08-25 06:58:55] [INFO] Requisição executada: GET /accounts?limit=1&offset=0 - HTTP 200
[2025-08-25 06:59:02] [INFO] Requisição executada: GET /accounts?limit=1&offset=0 - HTTP 200
[2025-08-25 06:59:04] [INFO] Requisição executada: GET /accounts?limit=1&offset=0 - HTTP 200
[2025-08-25 06:59:12] [INFO] Requisição executada: GET /accounts?limit=1&offset=0 - HTTP 200
[2025-08-25 06:59:13] [INFO] Requisição executada: GET /accounts?limit=1&offset=0 - HTTP 200
[2025-08-25 06:59:20] [INFO] Requisição executada: GET /accounts?limit=1&offset=0 - HTTP 200
[2025-08-25 06:59:22] [INFO] Requisição executada: GET /accounts?limit=1&offset=0 - HTTP 200
[2025-08-25 06:59:30] [INFO] Requisição executada: GET /accounts?limit=1&offset=0 - HTTP 200
[2025-08-25 07:02:23] [INFO] Requisição executada: GET /accounts?limit=1&offset=0 - HTTP 200
[2025-08-25 07:03:20] [INFO] Requisição executada: GET /accounts?limit=1&offset=0 - HTTP 200
[2025-08-25 07:03:22] [INFO] Requisição executada: GET /accounts?limit=1&offset=0 - HTTP 200
[2025-08-25 07:03:25] [INFO] Requisição executada: GET /accounts?limit=1&offset=0 - HTTP 200
[2025-08-25 07:03:43] [INFO] Requisição executada: GET /accounts?limit=1&offset=0 - HTTP 200
[2025-08-25 07:11:54] [INFO] Requisição executada: GET /accounts?limit=1&offset=0 - HTTP 200
[2025-08-25 07:15:18] [INFO] Requisição executada: GET /accounts?limit=1&offset=0 - HTTP 200
[2025-08-25 07:15:23] [INFO] Requisição executada: GET /accounts?limit=1&offset=0 - HTTP 200
[2025-08-25 07:16:32] [INFO] Requisição executada: GET /accounts?limit=1&offset=0 - HTTP 200
[2025-08-25 07:46:02] [INFO] Requisição executada: GET /accounts?limit=1&offset=0 - HTTP 200
[2025-08-25 07:47:04] [INFO] Requisição executada: GET /accounts?limit=1&offset=0 - HTTP 200
[2025-08-25 07:55:04] [INFO] Criando cliente: MAURO CARLOS MARTINS DE SA
[2025-08-25 07:55:04] [INFO] Requisição executada: POST /customers - HTTP 200
[2025-08-25 07:55:04] [INFO] Cliente criado - ID: cus_000131814958
[2025-08-25 07:55:05] [INFO] Requisição executada: GET /accounts?limit=1&offset=0 - HTTP 200
[2025-08-25 07:55:43] [INFO] Criando cliente: DENISE MIRANDA
[2025-08-25 07:55:44] [INFO] Requisição executada: POST /customers - HTTP 200
[2025-08-25 07:55:44] [INFO] Cliente criado - ID: cus_000131815005
[2025-08-25 07:55:44] [INFO] Requisição executada: GET /accounts?limit=1&offset=0 - HTTP 200
[2025-08-25 07:59:50] [INFO] Requisição executada: GET /accounts?limit=1&offset=0 - HTTP 200
[2025-08-25 08:01:48] [INFO] Requisição executada: GET /accounts?limit=1&offset=0 - HTTP 200
